#
# There is insufficient memory for the Java Runtime Environment to continue.
# Native memory allocation (mmap) failed to map 67108864 bytes for G1 virtual space
# Possible reasons:
#   The system is out of physical RAM or swap space
#   The process is running with CompressedOops enabled, and the Java Heap may be blocking the growth of the native heap
# Possible solutions:
#   Reduce memory load on the system
#   Increase physical memory or swap space
#   Check if swap backing store is full
#   Decrease Java heap size (-Xmx/-Xms)
#   Decrease number of Java threads
#   Decrease Java thread stack sizes (-Xss)
#   Set larger code cache with -XX:ReservedCodeCacheSize=
#   JVM is running with Unscaled Compressed Oops mode in which the Java heap is
#     placed in the first 4GB address space. The Java Heap base address is the
#     maximum limit for the native heap growth. Please use -XX:HeapBaseMinAddress
#     to set the Java Heap base and to place the Java Heap above 4GB virtual address.
# This output file may be truncated or incomplete.
#
#  Out of Memory Error (os_windows.cpp:3466), pid=7536, tid=16420
#
# JRE version:  (16.0.2+7) (build )
# Java VM: Java HotSpot(TM) 64-Bit Server VM (16.0.2+7-67, mixed mode, sharing, tiered, compressed oops, compressed class ptrs, g1 gc, windows-amd64)
# No core dump will be written. Minidumps are not enabled by default on client versions of Windows
#

---------------  S U M M A R Y ------------

Command Line: -Dfile.encoding=UTF-8 --module-path=C:\Program Files\Java\jdk-16.0.2\ojdbc6_PATH_HERE\ojdbc6.jar -XX:+ShowCodeDetailsInExceptionMessages kr.or.iei.book.start.Run

Host: Intel(R) Celeron(R) CPU 3865U @ 1.80GHz, 2 cores, 3G,  Windows 10 , 64 bit Build 19041 (10.0.19041.1151)
Time: Tue Aug 24 18:06:00 2021  Windows 10 , 64 bit Build 19041 (10.0.19041.1151) elapsed time: 0.133760 seconds (0d 0h 0m 0s)

---------------  T H R E A D  ---------------

Current thread (0x000001fcd3ce60d0):  JavaThread "Unknown thread" [_thread_in_vm, id=16420, stack(0x0000005539600000,0x0000005539700000)]

Stack: [0x0000005539600000,0x0000005539700000]
Native frames: (J=compiled Java code, j=interpreted, Vv=VM code, C=native code)
V  [jvm.dll+0x6681ca]
V  [jvm.dll+0x7c9e69]
V  [jvm.dll+0x7cb61e]
V  [jvm.dll+0x7cbc73]
V  [jvm.dll+0x242c55]
V  [jvm.dll+0x664f89]
V  [jvm.dll+0x659b75]
V  [jvm.dll+0x2fbfbb]
V  [jvm.dll+0x3031b6]
V  [jvm.dll+0x35299e]
V  [jvm.dll+0x352bcf]
V  [jvm.dll+0x2d3028]
V  [jvm.dll+0x2d4264]
V  [jvm.dll+0x79c741]
V  [jvm.dll+0x360791]
V  [jvm.dll+0x77a3f0]
V  [jvm.dll+0x3e4e8f]
V  [jvm.dll+0x3e6961]
C  [jli.dll+0x52fb]
C  [ucrtbase.dll+0x21bb2]
C  [KERNEL32.DLL+0x17034]
C  [ntdll.dll+0x52651]


---------------  P R O C E S S  ---------------

Threads class SMR info:
_java_thread_list=0x00007ffc09eacbb8, length=0, elements={
}

Java Threads: ( => current thread )

Other Threads:
  0x000001fcd3d15e30 GCTaskThread "GC Thread#0" [stack: 0x0000005539800000,0x0000005539900000] [id=7600]
  0x000001fcd3d1fb90 ConcurrentGCThread "G1 Main Marker" [stack: 0x0000005539900000,0x0000005539a00000] [id=17204]
  0x000001fcd3d21e00 ConcurrentGCThread "G1 Conc#0" [stack: 0x0000005539a00000,0x0000005539b00000] [id=15612]

[error occurred during error reporting (printing all threads), id 0xc0000005, EXCEPTION_ACCESS_VIOLATION (0xc0000005) at pc=0x00007ffc09683ee7]

VM state: not at safepoint (not fully initialized)

VM Mutex/Monitor currently owned by a thread:  ([mutex/lock_event])
[0x000001fcd3ce31e0] Heap_lock - owner thread: 0x000001fcd3ce60d0

Heap address: 0x00000000c1800000, size: 1000 MB, Compressed Oops mode: 32-bit

CDS archive(s) mapped at: [0x0000000000000000-0x0000000000000000-0x0000000000000000), size 0, SharedBaseAddress: 0x0000000800000000, ArchiveRelocationMode: 0.
Narrow klass base: 0x0000000000000000, Narrow klass shift: 0, Narrow klass range: 0x0

GC Precious Log:
<Empty>

Heap:
 garbage-first heap   total 0K, used 0K [0x00000000c1800000, 0x0000000100000000)
  region size 1024K, 0 young (0K), 0 survivors (0K)

[error occurred during error reporting (printing heap information), id 0xc0000005, EXCEPTION_ACCESS_VIOLATION (0xc0000005) at pc=0x00007ffc09a61eed]

GC Heap History (0 events):
No events

Deoptimization events (0 events):
No events

Classes unloaded (0 events):
No events

Classes redefined (0 events):
No events

Internal exceptions (0 events):
No events

Events (1 events):
Event: 0.093 Loaded shared library C:\Program Files\Java\jdk-16.0.2\bin\java.dll


Dynamic libraries:
0x00007ff7a2e70000 - 0x00007ff7a2e80000 	C:\Program Files\Java\jdk-16.0.2\bin\javaw.exe
0x00007ffc30270000 - 0x00007ffc30465000 	C:\Windows\SYSTEM32\ntdll.dll
0x00007ffc2f1b0000 - 0x00007ffc2f26d000 	C:\Windows\System32\KERNEL32.DLL
0x00007ffc2dde0000 - 0x00007ffc2e0a9000 	C:\Windows\System32\KERNELBASE.dll
0x00007ffc2dc80000 - 0x00007ffc2dd80000 	C:\Windows\System32\ucrtbase.dll
0x00007ffc26b00000 - 0x00007ffc26b18000 	C:\Program Files\Java\jdk-16.0.2\bin\jli.dll
0x00007ffc2ff30000 - 0x00007ffc2ffdc000 	C:\Windows\System32\ADVAPI32.dll
0x00007ffc2e630000 - 0x00007ffc2e6ce000 	C:\Windows\System32\msvcrt.dll
0x00007ffc300e0000 - 0x00007ffc3017b000 	C:\Windows\System32\sechost.dll
0x00007ffc2f4d0000 - 0x00007ffc2f5fa000 	C:\Windows\System32\RPCRT4.dll
0x00007ffc2fd90000 - 0x00007ffc2ff30000 	C:\Windows\System32\USER32.dll
0x00007ffc2e140000 - 0x00007ffc2e162000 	C:\Windows\System32\win32u.dll
0x00007ffc30050000 - 0x00007ffc3007a000 	C:\Windows\System32\GDI32.dll
0x00007ffc2db40000 - 0x00007ffc2dc4b000 	C:\Windows\System32\gdi32full.dll
0x00007ffc2da50000 - 0x00007ffc2daed000 	C:\Windows\System32\msvcp_win.dll
0x00007ffc26b20000 - 0x00007ffc26b39000 	C:\Program Files\Java\jdk-16.0.2\bin\VCRUNTIME140.dll
0x00007ffc1b650000 - 0x00007ffc1b8ea000 	C:\Windows\WinSxS\amd64_microsoft.windows.common-controls_6595b64144ccf1df_6.0.19041.1110_none_60b5254171f9507e\COMCTL32.dll
0x00007ffc19310000 - 0x00007ffc1931a000 	C:\Windows\SYSTEM32\VERSION.dll
0x00007ffc30180000 - 0x00007ffc301b0000 	C:\Windows\System32\IMM32.DLL
0x00007ffc293e0000 - 0x00007ffc293ec000 	C:\Program Files\Java\jdk-16.0.2\bin\vcruntime140_1.dll
0x00007ffc15330000 - 0x00007ffc153c1000 	C:\Program Files\Java\jdk-16.0.2\bin\msvcp140.dll
0x00007ffc093a0000 - 0x00007ffc09f4b000 	C:\Program Files\Java\jdk-16.0.2\bin\server\jvm.dll
0x00007ffc2fd80000 - 0x00007ffc2fd88000 	C:\Windows\System32\PSAPI.DLL
0x00007ffc18630000 - 0x00007ffc18639000 	C:\Windows\SYSTEM32\WSOCK32.dll
0x00007ffc2ffe0000 - 0x00007ffc3004b000 	C:\Windows\System32\WS2_32.dll
0x00007ffc20a40000 - 0x00007ffc20a67000 	C:\Windows\SYSTEM32\WINMM.dll
0x00007ffc2b8b0000 - 0x00007ffc2b8c2000 	C:\Windows\SYSTEM32\kernel.appcore.dll
0x00007ffc26af0000 - 0x00007ffc26afa000 	C:\Program Files\Java\jdk-16.0.2\bin\jimage.dll
0x00007ffc22040000 - 0x00007ffc22224000 	C:\Windows\SYSTEM32\DBGHELP.DLL
0x00007ffc22010000 - 0x00007ffc2203c000 	C:\Windows\SYSTEM32\dbgcore.DLL
0x00007ffc2e0b0000 - 0x00007ffc2e133000 	C:\Windows\System32\bcryptPrimitives.dll
0x00007ffc15300000 - 0x00007ffc15325000 	C:\Program Files\Java\jdk-16.0.2\bin\java.dll

dbghelp: loaded successfully - version: 4.0.5 - missing functions: none
symbol engine: initialized successfully - sym options: 0x614 - pdb path: .;C:\Program Files\Java\jdk-16.0.2\bin;C:\Windows\SYSTEM32;C:\Windows\WinSxS\amd64_microsoft.windows.common-controls_6595b64144ccf1df_6.0.19041.1110_none_60b5254171f9507e;C:\Program Files\Java\jdk-16.0.2\bin\server

VM Arguments:
jvm_args: -Dfile.encoding=UTF-8 --module-path=C:\Program Files\Java\jdk-16.0.2\ojdbc6_PATH_HERE\ojdbc6.jar -XX:+ShowCodeDetailsInExceptionMessages 
java_command: kr.or.iei.book.start.Run
java_class_path (initial): C:\Users\82104\Desktop\javaToyProjects\jdbc-workspace\bookMgr\bin
Launcher Type: SUN_STANDARD

[Global flags]
     intx CICompilerCount                          = 2                                         {product} {ergonomic}
     uint ConcGCThreads                            = 1                                         {product} {ergonomic}
     uint G1ConcRefinementThreads                  = 2                                         {product} {ergonomic}
   size_t G1HeapRegionSize                         = 1048576                                   {product} {ergonomic}
    uintx GCDrainStackTargetSize                   = 64                                        {product} {ergonomic}
   size_t InitialHeapSize                          = 67108864                                  {product} {ergonomic}
   size_t MarkStackSize                            = 4194304                                   {product} {ergonomic}
   size_t MaxHeapSize                              = 1048576000                                {product} {ergonomic}
   size_t MinHeapDeltaBytes                        = 1048576                                   {product} {ergonomic}
   size_t MinHeapSize                              = 8388608                                   {product} {ergonomic}
    uintx NonNMethodCodeHeapSize                   = 5826188                                {pd product} {ergonomic}
    uintx NonProfiledCodeHeapSize                  = 122916026                              {pd product} {ergonomic}
    uintx ProfiledCodeHeapSize                     = 122916026                              {pd product} {ergonomic}
    uintx ReservedCodeCacheSize                    = 251658240                              {pd product} {ergonomic}
     bool SegmentedCodeCache                       = true                                      {product} {ergonomic}
     bool ShowCodeDetailsInExceptionMessages       = true                                   {manageable} {command line}
   size_t SoftMaxHeapSize                          = 1048576000                             {manageable} {ergonomic}
     bool UseCompressedClassPointers               = true                           {product lp64_product} {ergonomic}
     bool UseCompressedOops                        = true                           {product lp64_product} {ergonomic}
     bool UseG1GC                                  = true                                      {product} {ergonomic}
     bool UseLargePagesIndividualAllocation        = false                                  {pd product} {ergonomic}

Logging:
Log output configuration:
 #0: stdout all=warning uptime,level,tags
 #1: stderr all=off uptime,level,tags

Environment Variables:
PATH=C:\Program Files\Python39\Scripts\;C:\Program Files\Python39\;C:\oraclexe\app\oracle\product\11.2.0\server\bin;;C:\Program Files\Common Files\Oracle\Java\javapath;C:\Windows\system32;C:\Windows;C:\Windows\System32\Wbem;C:\Windows\System32\WindowsPowerShell\v1.0\;C:\Windows\System32\OpenSSH\;C:\Program Files\Git\cmd;C:\Users\82104\AppData\Local\Microsoft\WindowsApps;;C:\Users\82104\AppData\Local\Programs\Microsoft VS Code\bin
USERNAME=82104
OS=Windows_NT
PROCESSOR_IDENTIFIER=Intel64 Family 6 Model 142 Stepping 9, GenuineIntel



---------------  S Y S T E M  ---------------

OS:
 Windows 10 , 64 bit Build 19041 (10.0.19041.1151)
OS uptime: 4 days 17:31 hours

CPU: total 2 (initial active 2) (2 cores per cpu, 1 threads per core) family 6 model 142 stepping 9 microcode 0xb4, cx8, cmov, fxsr, mmx, 3dnowpref, sse, sse2, sse3, ssse3, sse4.1, sse4.2, popcnt, lzcnt, tsc, tscinvbit, aes, erms, clmul, clflush, clflushopt

Memory: 4k page, system-wide physical 3997M (348M free)
TotalPageFile size 16285M (AvailPageFile size 5M)
current process WorkingSet (physical memory assigned to process): 9M, peak: 9M
current process commit charge ("private bytes"): 47M, peak: 111M

vm_info: Java HotSpot(TM) 64-Bit Server VM (16.0.2+7-67) for windows-amd64 JRE (16.0.2+7-67), built on Jun  8 2021 23:24:19 by "mach5one" with MS VC++ 16.7 (VS2019)

END.
